<?xml version="1.0" encoding="UTF-8"?>
<!-- Generated by org.testng.reporters.JUnitReportReporter -->
<testsuite hostname="pratghag" failures="0" tests="3" name="com.qa.TestLayer.TestCase" time="25.358" errors="0" timestamp="2022-05-19T11:59:35 IST" skipped="0">
  <testcase classname="com.qa.TestLayer.TestCase" name="verifyBuyingOfSamsungGalaxyS6" time="9.591"/>
  <system-out/>
  <testcase classname="com.qa.TestLayer.TestCase" name="verifyBuyingOfNexus6" time="7.830"/>
  <system-out/>
  <testcase classname="com.qa.TestLayer.TestCase" name="verifyBuyingOfNokiaLumia1520" time="7.937"/>
  <system-out/>
</testsuite> <!-- com.qa.TestLayer.TestCase -->
